2023-06-04T17:31:15.835813+0300 INFO Запуск теста №1 "test_search_tensor".
2023-06-04T17:32:15.945432+0300 INFO Поле поиска на главной странице Яндекса найдено.
2023-06-04T17:32:26.209784+0300 ERROR На странице не отобразился запрошенный объект "таблица с подсказками"

2023-06-04T17:32:48.073760+0300 INFO Запуск теста №2 "test_switch_images".
2023-06-04T17:32:48.234663+0300 INFO Раздел "Все сервисы" присутствует на странице.
2023-06-04T17:32:49.059199+0300 INFO Перешли на URL-адрес https://yandex.ru/images/ "Яндекс Картинки".
2023-06-04T17:32:49.914744+0300 ERROR Название категории картинок некорректно отображается в поле поиска!

2023-06-04T17:37:10.506064+0300 INFO Запуск теста №1 "test_search_tensor".
2023-06-04T17:37:10.614215+0300 INFO Поле поиска на главной странице Яндекса найдено.
2023-06-04T17:37:10.731043+0300 INFO При вводе текста в поле поиска, таблица с подсказками отобразилась.
2023-06-04T17:37:11.740495+0300 INFO Результаты поиска появились на странице.
2023-06-04T17:37:12.818814+0300 INFO Первая ссылка ведет на сайт Тензора.
2023-06-04T17:37:12.819011+0300 INFO Тест №1 успешно пройден!

2023-06-04T17:37:34.272168+0300 INFO Запуск теста №2 "test_switch_images".
2023-06-04T17:37:34.524752+0300 INFO Раздел "Все сервисы" присутствует на странице.
2023-06-04T17:37:35.295587+0300 INFO Перешли на URL-адрес https://yandex.ru/images/ "Яндекс Картинки".
2023-06-04T17:37:36.111033+0300 INFO Название категории картинок отображается в поле поиска.
2023-06-04T17:37:37.551921+0300 INFO Первая картинка открылась.
2023-06-04T17:37:39.938369+0300 INFO При переходе к следующему изображению картинка сменилась.
2023-06-04T17:37:41.369918+0300 INFO При переходе назад, картинка соответствует первому изображению.
2023-06-04T17:37:41.370204+0300 INFO Тест №2 успешно пройден!

